<?xml version="1.0" encoding="UTF-8"?>
<!-- Generated by org.testng.reporters.JUnitReportReporter -->
<testsuite skipped="0" hostname="DESKTOP-R88R93T" name="Jenkintest.NewTest$Login_Test" tests="2" failures="0" timestamp="15 Jul 2020 05:32:36 GMT" time="6.043" errors="0">
  <testcase name="login" time="4.464" classname="Jenkintest.NewTest$Login_Test"/>
  <testcase name="clickLogout" time="1.579" classname="Jenkintest.NewTest$Login_Test"/>
</testsuite> <!-- Jenkintest.NewTest$Login_Test -->
